***************************************************************************************************
Started processing at [06/19/2015 11:46:29].
***************************************************************************************************

Running script version [0.1.0].

***************************************************************************************************

Loading configuration file 'D:\SecurityManager\branches\functionnality---Testing\dist\Documenter\configs\application.configs.xml'
Now taking care to switch logging from D:\SecurityManager\branches\functionnality---Testing\dist\Documenter\logs\Generate-SQLSecurity.ps1.log to D:\SecurityManager\branches\functionnality---Testing\dist\Documenter\logs\Document-SQLSecurity.log
Loading files under directory D:\SecurityManager\branches\functionnality---Testing\dist\Documenter\ps-libs
[DEBUG] - Loading library named SQLServer-Management\Load-SQLCmd.ps1
Output file : D:\SecurityManager\branches\functionnality---Testing\tools\SolutionTester\D:\SecurityManager\branches\functionnality---Testing\tools\SolutionTester\logs\GenerateSecurityScript_SI-S-SERV236_2015-06-19_11-46-28.sql
Error: An error has occurred [An error occurred while executing script.
Error message : The given path's format is not supported.].

***************************************************************************************************
Finished processing at [06/19/2015 11:46:29].
***************************************************************************************************
***************************************************************************************************
Started processing at [06/19/2015 11:48:21].
***************************************************************************************************

Running script version [0.1.0].

***************************************************************************************************

Loading configuration file 'D:\SecurityManager\branches\functionnality---Testing\dist\Documenter\configs\application.configs.xml'
Now taking care to switch logging from D:\SecurityManager\branches\functionnality---Testing\dist\Documenter\logs\Generate-SQLSecurity.ps1.log to D:\SecurityManager\branches\functionnality---Testing\dist\Documenter\logs\Document-SQLSecurity.log
Loading files under directory D:\SecurityManager\branches\functionnality---Testing\dist\Documenter\ps-libs
[DEBUG] - Loading library named SQLServer-Management\Load-SQLCmd.ps1
[DEBUG] - RepositoryServer   : SI-S-SERV236
[DEBUG] - RepositoryDatabase : JEL_SecurityManager_TestingFeature
[DEBUG] - OutputDatabase     : DbaDoc
[DEBUG] - OutputTableName    : GeneratedSecurityScripts
[DEBUG] - OutputFile         : D:\SecurityManager\branches\functionnality---Testing\tools\SolutionTester\logs\GenerateSecurityScript_SI-S-SERV236_2015-06-17_10-40-22.sql
Output file : D:\SecurityManager\branches\functionnality---Testing\tools\SolutionTester\D:\SecurityManager\branches\functionnality---Testing\tools\SolutionTester\logs\GenerateSecurityScript_SI-S-SERV236_2015-06-17_10-40-22.sql
Error: An error has occurred [An error occurred while executing script.
Error message : The given path's format is not supported.].

***************************************************************************************************
Finished processing at [06/19/2015 11:48:21].
***************************************************************************************************
***************************************************************************************************
Started processing at [06/19/2015 11:48:26].
***************************************************************************************************

Running script version [0.1.0].

***************************************************************************************************

Loading configuration file 'D:\SecurityManager\branches\functionnality---Testing\dist\Documenter\configs\application.configs.xml'
Now taking care to switch logging from D:\SecurityManager\branches\functionnality---Testing\dist\Documenter\logs\Generate-SQLSecurity.ps1.log to D:\SecurityManager\branches\functionnality---Testing\dist\Documenter\logs\Document-SQLSecurity.log
Loading files under directory D:\SecurityManager\branches\functionnality---Testing\dist\Documenter\ps-libs
[DEBUG] - Loading library named SQLServer-Management\Load-SQLCmd.ps1
[DEBUG] - RepositoryServer   : SI-S-SERV236
[DEBUG] - RepositoryDatabase : JEL_SecurityManager_TestingFeature
[DEBUG] - OutputDatabase     : DbaDoc
[DEBUG] - OutputTableName    : GeneratedSecurityScripts
[DEBUG] - OutputFile         : D:\SecurityManager\branches\functionnality---Testing\tools\SolutionTester\logs\GenerateSecurityScript_SI-S-SERV236_2015-06-19_11-48-26.sql
Output file : D:\SecurityManager\branches\functionnality---Testing\tools\SolutionTester\D:\SecurityManager\branches\functionnality---Testing\tools\SolutionTester\logs\GenerateSecurityScript_SI-S-SERV236_2015-06-19_11-48-26.sql
Error: An error has occurred [An error occurred while executing script.
Error message : The given path's format is not supported.].

***************************************************************************************************
Finished processing at [06/19/2015 11:48:26].
***************************************************************************************************
***************************************************************************************************
Started processing at [06/19/2015 11:54:57].
***************************************************************************************************

Running script version [0.1.0].

***************************************************************************************************

Loading configuration file 'D:\SecurityManager\branches\functionnality---Testing\dist\Documenter\configs\application.configs.xml'
Now taking care to switch logging from D:\SecurityManager\branches\functionnality---Testing\dist\Documenter\logs\Generate-SQLSecurity.ps1.log to D:\SecurityManager\branches\functionnality---Testing\dist\Documenter\logs\Document-SQLSecurity.log
Loading files under directory D:\SecurityManager\branches\functionnality---Testing\dist\Documenter\ps-libs
[DEBUG] - Loading library named SQLServer-Management\Load-SQLCmd.ps1
[DEBUG] - RepositoryServer   : SI-S-SERV236
[DEBUG] - RepositoryDatabase : JEL_SecurityManager_TestingFeature
[DEBUG] - OutputDatabase     : DbaDoc
[DEBUG] - OutputTableName    : GeneratedSecurityScripts
[DEBUG] - OutputFile         : D:\SecurityManager\branches\functionnality---Testing\tools\SolutionTester\logs\GenerateSecurityScript_SI-S-SERV236_2015-06-19_11-54-56.sql
Output file : D:\SecurityManager\branches\functionnality---Testing\tools\SolutionTester\logs\GenerateSecurityScript_SI-S-SERV236_2015-06-19_11-54-56.sql

***************************************************************************************************
Finished processing at [06/19/2015 11:54:58].
***************************************************************************************************
***************************************************************************************************
Started processing at [06/19/2015 14:27:28].
***************************************************************************************************

Running script version [0.1.0].

***************************************************************************************************

Loading configuration file 'D:\SecurityManager\branches\functionnality---Testing\dist\Documenter\configs\application.configs.xml'
Now taking care to switch logging from D:\SecurityManager\branches\functionnality---Testing\dist\Documenter\logs\Generate-SQLSecurity.ps1.log to D:\SecurityManager\branches\functionnality---Testing\dist\Documenter\logs\Document-SQLSecurity.log
Loading files under directory D:\SecurityManager\branches\functionnality---Testing\dist\Documenter\ps-libs
[DEBUG] - Loading library named SQLServer-Management\Load-SQLCmd.ps1
[DEBUG] - RepositoryServer   : SI-S-SERV236
[DEBUG] - RepositoryDatabase : JEL_SecurityManager_TestingFeature
[DEBUG] - OutputDatabase     : DbaDoc
[DEBUG] - OutputTableName    : GeneratedSecurityScripts
[DEBUG] - OutputFile         : D:\SecurityManager\branches\functionnality---Testing\tools\SolutionTester\logs\GenerateSecurityScript_SI-S-SERV236_2015-06-19_14-27-28.sql
Output file : D:\SecurityManager\branches\functionnality---Testing\tools\SolutionTester\logs\GenerateSecurityScript_SI-S-SERV236_2015-06-19_14-27-28.sql

***************************************************************************************************
Finished processing at [06/19/2015 14:27:29].
***************************************************************************************************
***************************************************************************************************
Started processing at [06/19/2015 14:33:24].
***************************************************************************************************

Running script version [0.1.0].

***************************************************************************************************

Loading configuration file 'D:\SecurityManager\branches\functionnality---Testing\dist\Documenter\configs\application.configs.xml'
Now taking care to switch logging from D:\SecurityManager\branches\functionnality---Testing\dist\Documenter\logs\Generate-SQLSecurity.ps1.log to D:\SecurityManager\branches\functionnality---Testing\dist\Documenter\logs\Document-SQLSecurity.log
Loading files under directory D:\SecurityManager\branches\functionnality---Testing\dist\Documenter\ps-libs
[DEBUG] - Loading library named SQLServer-Management\Load-SQLCmd.ps1
[DEBUG] - RepositoryServer   : SI-S-SERV236
[DEBUG] - RepositoryDatabase : JEL_SecurityManager_TestingFeature
[DEBUG] - OutputDatabase     : DbaDoc
[DEBUG] - OutputTableName    : GeneratedSecurityScripts
[DEBUG] - OutputFile         : D:\SecurityManager\branches\functionnality---Testing\tools\SolutionTester\logs\GenerateSecurityScript_SI-S-SERV236_2015-06-19_14-33-24.sql
Output file : D:\SecurityManager\branches\functionnality---Testing\tools\SolutionTester\logs\GenerateSecurityScript_SI-S-SERV236_2015-06-19_14-33-24.sql

***************************************************************************************************
Finished processing at [06/19/2015 14:33:25].
***************************************************************************************************
***************************************************************************************************
Started processing at [06/19/2015 14:57:45].
***************************************************************************************************

Running script version [0.1.0].

***************************************************************************************************

Loading configuration file 'D:\SecurityManager\branches\functionnality---Testing\dist\Documenter\configs\application.configs.xml'
Now taking care to switch logging from D:\SecurityManager\branches\functionnality---Testing\dist\Documenter\logs\Generate-SQLSecurity.ps1.log to D:\SecurityManager\branches\functionnality---Testing\dist\Documenter\logs\Document-SQLSecurity.log
Loading files under directory D:\SecurityManager\branches\functionnality---Testing\dist\Documenter\ps-libs
[DEBUG] - Loading library named SQLServer-Management\Load-SQLCmd.ps1
[DEBUG] - RepositoryServer   : SI-S-SERV236
[DEBUG] - RepositoryDatabase : JEL_SecurityManager_TestingFeature
[DEBUG] - OutputDatabase     : DbaDoc
[DEBUG] - OutputTableName    : GeneratedSecurityScripts
[DEBUG] - OutputFile         : D:\SecurityManager\branches\functionnality---Testing\tools\SolutionTester\logs\GenerateSecurityScript_SI-S-SERV236_2015-06-19_14-57-45.sql
Output file : D:\SecurityManager\branches\functionnality---Testing\tools\SolutionTester\logs\GenerateSecurityScript_SI-S-SERV236_2015-06-19_14-57-45.sql

***************************************************************************************************
Finished processing at [06/19/2015 14:57:46].
***************************************************************************************************
***************************************************************************************************
Started processing at [06/19/2015 15:05:08].
***************************************************************************************************

Running script version [0.1.0].

***************************************************************************************************

Loading configuration file 'D:\SecurityManager\branches\functionnality---Testing\dist\Documenter\configs\application.configs.xml'
Now taking care to switch logging from D:\SecurityManager\branches\functionnality---Testing\dist\Documenter\logs\Generate-SQLSecurity.ps1.log to D:\SecurityManager\branches\functionnality---Testing\dist\Documenter\logs\Document-SQLSecurity.log
Loading files under directory D:\SecurityManager\branches\functionnality---Testing\dist\Documenter\ps-libs
[DEBUG] - Loading library named SQLServer-Management\Load-SQLCmd.ps1
[DEBUG] - RepositoryServer   : SI-S-SERV236
[DEBUG] - RepositoryDatabase : JEL_SecurityManager_TestingFeature
[DEBUG] - OutputDatabase     : DbaDoc
[DEBUG] - OutputTableName    : GeneratedSecurityScripts
[DEBUG] - OutputFile         : D:\SecurityManager\branches\functionnality---Testing\tools\SolutionTester\logs\GenerateSecurityScript_SI-S-SERV236_2015-06-19_15-05-08.sql
Output file : D:\SecurityManager\branches\functionnality---Testing\tools\SolutionTester\logs\GenerateSecurityScript_SI-S-SERV236_2015-06-19_15-05-08.sql

***************************************************************************************************
Finished processing at [06/19/2015 15:05:09].
***************************************************************************************************
***************************************************************************************************
Started processing at [06/22/2015 10:18:09].
***************************************************************************************************

Running script version [0.1.0].

***************************************************************************************************

Loading configuration file 'D:\SecurityManager\branches\functionnality---Testing\dist\Documenter\configs\application.configs.xml'
Now taking care to switch logging from D:\SecurityManager\branches\functionnality---Testing\dist\Documenter\logs\Generate-SQLSecurity.ps1.log to D:\SecurityManager\branches\functionnality---Testing\dist\Documenter\logs\Document-SQLSecurity.log
Loading files under directory D:\SecurityManager\branches\functionnality---Testing\dist\Documenter\ps-libs
[DEBUG] - Loading library named SQLServer-Management\Load-SQLCmd.ps1
[DEBUG] - RepositoryServer   : SI-S-SERV236
[DEBUG] - RepositoryDatabase : JEL_SecurityManager_TestingFeature
[DEBUG] - OutputDatabase     : DbaDoc
[DEBUG] - OutputTableName    : GeneratedSecurityScripts
[DEBUG] - OutputFile         : D:\SecurityManager\branches\functionnality---Testing\tools\SolutionTester\logs\GenerateSecurityScript_SI-S-SERV236_2015-06-22_10-18-09.sql
Output file : D:\SecurityManager\branches\functionnality---Testing\tools\SolutionTester\logs\GenerateSecurityScript_SI-S-SERV236_2015-06-22_10-18-09.sql

***************************************************************************************************
Finished processing at [06/22/2015 10:18:10].
***************************************************************************************************
***************************************************************************************************
Started processing at [08/04/2015 11:30:48].
***************************************************************************************************

Running script version [0.1.0].

***************************************************************************************************

Loading configuration file 'D:\SecurityManager\branches\PermissionReview\dist\Documenter\configs\application.configs.xml'
Now taking care to switch logging from D:\SecurityManager\branches\PermissionReview\dist\Documenter\logs\Generate-SQLSecurity.ps1.log to D:\SecurityManager\branches\PermissionReview\dist\Documenter\logs\Document-SQLSecurity.log
Loading files under directory D:\SecurityManager\branches\PermissionReview\dist\Documenter\ps-libs
[DEBUG] - Loading library named SQLServer-Management\Load-SQLCmd.ps1
[DEBUG] - RepositoryServer   : SI-S-SERV357
[DEBUG] - RepositoryDatabase : test
[DEBUG] - OutputDatabase     : DbaDoc
[DEBUG] - OutputTableName    : GeneratedSecurityScripts
[DEBUG] - OutputFile         : D:\SecurityManager\branches\PermissionReview\tools\SolutionTester\logs\GenerateSecurityScript_SI-S-SERV357_2015-08-04_11-30-38.sql
Output file : D:\SecurityManager\branches\PermissionReview\tools\SolutionTester\logs\GenerateSecurityScript_SI-S-SERV357_2015-08-04_11-30-38.sql

***************************************************************************************************
Finished processing at [08/04/2015 11:30:50].
***************************************************************************************************
***************************************************************************************************
Started processing at [08/04/2015 11:59:47].
***************************************************************************************************

Running script version [0.1.0].

***************************************************************************************************

Loading configuration file 'D:\SecurityManager\branches\PermissionReview\dist\Documenter\configs\application.configs.xml'
Now taking care to switch logging from D:\SecurityManager\branches\PermissionReview\dist\Documenter\logs\Generate-SQLSecurity.ps1.log to D:\SecurityManager\branches\PermissionReview\dist\Documenter\logs\Document-SQLSecurity.log
Loading files under directory D:\SecurityManager\branches\PermissionReview\dist\Documenter\ps-libs
[DEBUG] - Loading library named SQLServer-Management\Load-SQLCmd.ps1
[DEBUG] - RepositoryServer   : SI-S-SERV357
[DEBUG] - RepositoryDatabase : test
[DEBUG] - OutputDatabase     : DbaDoc
[DEBUG] - OutputTableName    : GeneratedSecurityScripts
[DEBUG] - OutputFile         : D:\SecurityManager\branches\PermissionReview\tools\SolutionTester\logs\GenerateSecurityScript_SI-S-SERV357_2015-08-04_11-59-41.sql
Output file : D:\SecurityManager\branches\PermissionReview\tools\SolutionTester\logs\GenerateSecurityScript_SI-S-SERV357_2015-08-04_11-59-41.sql

***************************************************************************************************
Finished processing at [08/04/2015 11:59:49].
***************************************************************************************************
***************************************************************************************************
Started processing at [08/04/2015 12:00:54].
***************************************************************************************************

Running script version [0.1.0].

***************************************************************************************************

Loading configuration file 'D:\SecurityManager\branches\PermissionReview\dist\Documenter\configs\application.configs.xml'
Now taking care to switch logging from D:\SecurityManager\branches\PermissionReview\dist\Documenter\logs\Generate-SQLSecurity.ps1.log to D:\SecurityManager\branches\PermissionReview\dist\Documenter\logs\Document-SQLSecurity.log
Loading files under directory D:\SecurityManager\branches\PermissionReview\dist\Documenter\ps-libs
[DEBUG] - Loading library named SQLServer-Management\Load-SQLCmd.ps1
[DEBUG] - RepositoryServer   : SI-S-SERV357
[DEBUG] - RepositoryDatabase : test
[DEBUG] - OutputDatabase     : DbaDoc
[DEBUG] - OutputTableName    : GeneratedSecurityScripts
[DEBUG] - OutputFile         : D:\SecurityManager\branches\PermissionReview\tools\SolutionTester\logs\GenerateSecurityScript_SI-S-SERV357_2015-08-04_12-00-47.sql
Output file : D:\SecurityManager\branches\PermissionReview\tools\SolutionTester\logs\GenerateSecurityScript_SI-S-SERV357_2015-08-04_12-00-47.sql

***************************************************************************************************
Finished processing at [08/04/2015 12:00:57].
***************************************************************************************************
***************************************************************************************************
Started processing at [08/04/2015 12:11:59].
***************************************************************************************************

Running script version [0.1.0].

***************************************************************************************************

Loading configuration file 'D:\SecurityManager\branches\PermissionReview\dist\Documenter\configs\application.configs.xml'
Now taking care to switch logging from D:\SecurityManager\branches\PermissionReview\dist\Documenter\logs\Generate-SQLSecurity.ps1.log to D:\SecurityManager\branches\PermissionReview\dist\Documenter\logs\Document-SQLSecurity.log
Loading files under directory D:\SecurityManager\branches\PermissionReview\dist\Documenter\ps-libs
[DEBUG] - Loading library named SQLServer-Management\Load-SQLCmd.ps1
[DEBUG] - RepositoryServer   : SI-S-SERV357
[DEBUG] - RepositoryDatabase : test
[DEBUG] - OutputDatabase     : DbaDoc
[DEBUG] - OutputTableName    : GeneratedSecurityScripts
[DEBUG] - OutputFile         : D:\SecurityManager\branches\PermissionReview\tools\SolutionTester\logs\GenerateSecurityScript_SI-S-SERV357_2015-08-04_12-11-59.sql
Output file : D:\SecurityManager\branches\PermissionReview\tools\SolutionTester\logs\GenerateSecurityScript_SI-S-SERV357_2015-08-04_12-11-59.sql

***************************************************************************************************
Finished processing at [08/04/2015 12:12:00].
***************************************************************************************************
***************************************************************************************************
Started processing at [08/04/2015 12:12:51].
***************************************************************************************************

Running script version [0.1.0].

***************************************************************************************************

Loading configuration file 'D:\SecurityManager\branches\PermissionReview\dist\Documenter\configs\application.configs.xml'
Now taking care to switch logging from D:\SecurityManager\branches\PermissionReview\dist\Documenter\logs\Generate-SQLSecurity.ps1.log to D:\SecurityManager\branches\PermissionReview\dist\Documenter\logs\Document-SQLSecurity.log
Loading files under directory D:\SecurityManager\branches\PermissionReview\dist\Documenter\ps-libs
[DEBUG] - Loading library named SQLServer-Management\Load-SQLCmd.ps1
[DEBUG] - RepositoryServer   : SI-S-SERV357
[DEBUG] - RepositoryDatabase : test
[DEBUG] - OutputDatabase     : DbaDoc
[DEBUG] - OutputTableName    : GeneratedSecurityScripts
[DEBUG] - OutputFile         : D:\SecurityManager\branches\PermissionReview\tools\SolutionTester\logs\GenerateSecurityScript_SI-S-SERV357_2015-08-04_12-12-43.sql
Output file : D:\SecurityManager\branches\PermissionReview\tools\SolutionTester\logs\GenerateSecurityScript_SI-S-SERV357_2015-08-04_12-12-43.sql

***************************************************************************************************
Finished processing at [08/04/2015 12:12:52].
***************************************************************************************************
***************************************************************************************************
Started processing at [08/07/2015 11:21:09].
***************************************************************************************************

Running script version [0.1.0].

***************************************************************************************************

Loading configuration file 'D:\SecurityManager\branches\PermissionReview\dist\Documenter\configs\application.configs.xml'
Now taking care to switch logging from D:\SecurityManager\branches\PermissionReview\dist\Documenter\logs\Generate-SQLSecurity.ps1.log to D:\SecurityManager\branches\PermissionReview\dist\Documenter\logs\Document-SQLSecurity.log
Loading files under directory D:\SecurityManager\branches\PermissionReview\dist\Documenter\ps-libs
[DEBUG] - Loading library named SQLServer-Management\Load-SQLCmd.ps1
[DEBUG] - RepositoryServer   : SI-S-SERV357
[DEBUG] - RepositoryDatabase : test
[DEBUG] - OutputDatabase     : DbaDoc
[DEBUG] - OutputTableName    : GeneratedSecurityScripts
[DEBUG] - OutputFile         : D:\SecurityManager\branches\PermissionReview\tools\SolutionTester\logs\GenerateSecurityScript_SI-S-SERV357_2015-08-07_11-21-00.sql
Output file : D:\SecurityManager\branches\PermissionReview\tools\SolutionTester\logs\GenerateSecurityScript_SI-S-SERV357_2015-08-07_11-21-00.sql

***************************************************************************************************
Finished processing at [08/07/2015 11:21:11].
***************************************************************************************************
