[INFO] Using charset Cp1252
[INFO] Output file is 'D:\SecurityManager\branches\PermissionReview\.\dist\securityApplier_SQLServer.sql'
[INFO] Adding file 'D:\SecurityManager\branches\PermissionReview\src\sqlserver\Data.security.StandardRoles.sql'
[INFO] Adding file 'D:\SecurityManager\branches\PermissionReview\src\sqlserver\Function.getDbRoleAssignmentStatement.sql'
[INFO] Adding file 'D:\SecurityManager\branches\PermissionReview\src\sqlserver\Function.getDbRoleCreationStatement.sql'
[INFO] Adding file 'D:\SecurityManager\branches\PermissionReview\src\sqlserver\Function.getDbUserCreationStatement.sql'
[INFO] Adding file 'D:\SecurityManager\branches\PermissionReview\src\sqlserver\Function.getLogin2DbUserMappingStatement.sql'
[INFO] Adding file 'D:\SecurityManager\branches\PermissionReview\src\sqlserver\Function.getLoginCreationStatement.sql'
[INFO] Adding file 'D:\SecurityManager\branches\PermissionReview\src\sqlserver\Function.getOnDatabasePermissionAssignmentStatement.sql'
[INFO] Adding file 'D:\SecurityManager\branches\PermissionReview\src\sqlserver\Function.getOnDbRolePermissionAssignmentStatement.sql'
[INFO] Adding file 'D:\SecurityManager\branches\PermissionReview\src\sqlserver\Function.getOnDbSchemaPermissionAssignmentStatement.sql'
[INFO] Adding file 'D:\SecurityManager\branches\PermissionReview\src\sqlserver\Function.getOnUserObjectPermissionAssignmentStatement.sql'
[INFO] Adding file 'D:\SecurityManager\branches\PermissionReview\src\sqlserver\Function.getSchemaCreationStatement.sql'
[INFO] Adding file 'D:\SecurityManager\branches\PermissionReview\src\sqlserver\Function.security.getStandardOnSchemaRoleName.sql'
[INFO] Adding file 'D:\SecurityManager\branches\PermissionReview\src\sqlserver\Function.validator.isValidPermissionDescription.sql'
[INFO] Adding file 'D:\SecurityManager\branches\PermissionReview\src\sqlserver\main.sql'
[INFO] Adding file 'D:\SecurityManager\branches\PermissionReview\src\sqlserver\Procedure.CloneSecurity.sql'
[INFO] Adding file 'D:\SecurityManager\branches\PermissionReview\src\sqlserver\Procedure.CreateTempTables4Generation.sql'
[INFO] Adding file 'D:\SecurityManager\branches\PermissionReview\src\sqlserver\Procedure.getDbRolesAssignmentScript.sql'
[INFO] Adding file 'D:\SecurityManager\branches\PermissionReview\src\sqlserver\Procedure.getDbRolesCreationScript.sql'
[INFO] Adding file 'D:\SecurityManager\branches\PermissionReview\src\sqlserver\Procedure.getDbSchemasCreationScript.sql'
[INFO] Adding file 'D:\SecurityManager\branches\PermissionReview\src\sqlserver\Procedure.getDbUsersCreationScript.sql'
[INFO] Adding file 'D:\SecurityManager\branches\PermissionReview\src\sqlserver\Procedure.getLogin2DbUserMappingsScript.sql'
[INFO] Adding file 'D:\SecurityManager\branches\PermissionReview\src\sqlserver\Procedure.getLoginsCreationScript.sql'
[INFO] Adding file 'D:\SecurityManager\branches\PermissionReview\src\sqlserver\Procedure.getObjectPermissionAssignmentScript.sql'
[INFO] Adding file 'D:\SecurityManager\branches\PermissionReview\src\sqlserver\Procedure.getSecurityScript.sql'
[INFO] Adding file 'D:\SecurityManager\branches\PermissionReview\src\sqlserver\Procedure.inventory.ManageSQLInstance.sql'
[INFO] Adding file 'D:\SecurityManager\branches\PermissionReview\src\sqlserver\Procedure.SaveSecurityGenerationResult.sql'
[INFO] Adding file 'D:\SecurityManager\branches\PermissionReview\src\sqlserver\Procedure.security.ManageContacts.sql'
[INFO] Adding file 'D:\SecurityManager\branches\PermissionReview\src\sqlserver\Procedure.security.ManagePermission.sql'
[INFO] Adding file 'D:\SecurityManager\branches\PermissionReview\src\sqlserver\Procedure.security.setStandardOnDatabaseRole.sql'
[INFO] Adding file 'D:\SecurityManager\branches\PermissionReview\src\sqlserver\Procedure.security.setStandardOnDatabaseRolePermissions.sql'
[INFO] Adding file 'D:\SecurityManager\branches\PermissionReview\src\sqlserver\Procedure.security.setStandardPermissions.sql'
[INFO] Adding file 'D:\SecurityManager\branches\PermissionReview\src\sqlserver\Procedure.security.setStandardRoleMembers.sql'
[INFO] Adding file 'D:\SecurityManager\branches\PermissionReview\src\sqlserver\Procedure.security.setStandardRoles.sql'
[INFO] Adding file 'D:\SecurityManager\branches\PermissionReview\src\sqlserver\Procedure.SecurityGenHelper_AppendCheck.sql'
[INFO] Adding file 'D:\SecurityManager\branches\PermissionReview\src\sqlserver\Procedure.SecurityHelpers.PrepareASPNETServerRegistrationToolInstallation.sql'
[INFO] Adding file 'D:\SecurityManager\branches\PermissionReview\src\sqlserver\Procedure.SecurityHelpers.setSQLAgentUserPermission.sql'
[INFO] Adding file 'D:\SecurityManager\branches\PermissionReview\src\sqlserver\Procedure.setDatabaseAccess.sql'
[INFO] Adding file 'D:\SecurityManager\branches\PermissionReview\src\sqlserver\Procedure.setSchemaAccess.sql'
[INFO] Adding file 'D:\SecurityManager\branches\PermissionReview\src\sqlserver\Procedure.setServerAccess.sql'
[INFO] Adding file 'D:\SecurityManager\branches\PermissionReview\src\sqlserver\Procedure.setStandardOnSchemaRolePermissions.sql'
[INFO] Adding file 'D:\SecurityManager\branches\PermissionReview\src\sqlserver\Procedure.setStandardOnSchemaRoles.sql'
[INFO] Adding file 'D:\SecurityManager\branches\PermissionReview\src\sqlserver\Schema.Inventory.sql'
[INFO] Adding file 'D:\SecurityManager\branches\PermissionReview\src\sqlserver\Schema.Security.sql'
[INFO] Adding file 'D:\SecurityManager\branches\PermissionReview\src\sqlserver\Schema.SecurityHelpers.sql'
[INFO] Adding file 'D:\SecurityManager\branches\PermissionReview\src\sqlserver\Schema.Validator.sql'
[INFO] Adding file 'D:\SecurityManager\branches\PermissionReview\src\sqlserver\Table.ApplicationLog.sql'
[INFO] Adding file 'D:\SecurityManager\branches\PermissionReview\src\sqlserver\Table.ApplicationParams.sql'
[INFO] Adding file 'D:\SecurityManager\branches\PermissionReview\src\sqlserver\Table.Contacts.sql'
[INFO] Adding file 'D:\SecurityManager\branches\PermissionReview\src\sqlserver\Table.DatabasePermissions.sql'
[INFO] Adding file 'D:\SecurityManager\branches\PermissionReview\src\sqlserver\Table.DatabaseRoleMembers.sql'
[INFO] Adding file 'D:\SecurityManager\branches\PermissionReview\src\sqlserver\Table.DatabaseRoles.sql'
[INFO] Adding file 'D:\SecurityManager\branches\PermissionReview\src\sqlserver\Table.DatabaseSchemas.sql'
[INFO] Adding file 'D:\SecurityManager\branches\PermissionReview\src\sqlserver\Table.inventory.SQLDatabases.sql'
[INFO] Adding file 'D:\SecurityManager\branches\PermissionReview\src\sqlserver\Table.inventory.SQLInstances.sql'
[INFO] Adding file 'D:\SecurityManager\branches\PermissionReview\src\sqlserver\Table.security.StandardOnDatabaseRoles.sql'
[INFO] Adding file 'D:\SecurityManager\branches\PermissionReview\src\sqlserver\Table.security.StandardOnDatabaseRolesSecurity.sql'
[INFO] Adding file 'D:\SecurityManager\branches\PermissionReview\src\sqlserver\Table.security.StandardRoleMembers.sql'
[INFO] Adding file 'D:\SecurityManager\branches\PermissionReview\src\sqlserver\Table.security.StandardRoles.sql'
[INFO] Adding file 'D:\SecurityManager\branches\PermissionReview\src\sqlserver\Table.security.StandardRolesPermissions.sql'
[INFO] Adding file 'D:\SecurityManager\branches\PermissionReview\src\sqlserver\Table.SQLLogins.sql'
[INFO] Adding file 'D:\SecurityManager\branches\PermissionReview\src\sqlserver\Table.SQLMappings.sql'
[INFO] Adding file 'D:\SecurityManager\branches\PermissionReview\src\sqlserver\Table.StandardExclusion.sql'
[INFO] Adding file 'D:\SecurityManager\branches\PermissionReview\src\sqlserver\Table.StandardOnSchemaRoles.sql'
[INFO] Adding file 'D:\SecurityManager\branches\PermissionReview\src\sqlserver\Table.StandardOnSchemaRolesSecurity.sql'
[INFO] Adding file 'D:\SecurityManager\branches\PermissionReview\src\sqlserver\View.DatabaseUsers.sql'
[INFO] Adding file 'D:\SecurityManager\branches\PermissionReview\src\sqlserver\View.Logins.sql'
[INFO] Adding file 'D:\SecurityManager\branches\PermissionReview\src\sqlserver\View.security.StandardOnDatabaseRoles.sql'
[INFO] Adding file 'D:\SecurityManager\branches\PermissionReview\src\sqlserver\View.security.StandardOnSchemaRoles.sql'
[INFO] Adding file 'D:\SecurityManager\branches\PermissionReview\src\sqlserver\View.security.StandardOnSchemaRolesSecurity.sql'
[INFO] Adding file 'D:\SecurityManager\branches\PermissionReview\src\sqlserver\View.StandardOnSchemaRolesTreeView.sql'
[INFO] Processing file 'D:\SecurityManager\branches\PermissionReview\src\sqlserver\Data.security.StandardRoles.sql'
[INFO] ... no dependencies found.
[INFO] Processing file 'D:\SecurityManager\branches\PermissionReview\src\sqlserver\Function.getDbRoleAssignmentStatement.sql'
[INFO] ... has dependency on Schema.Security.sql
[INFO] ... has dependency on Table.ApplicationParams.sql
[INFO] ... has dependency on Function.getDbRoleCreationStatement.sql
[INFO] ... has dependency on Function.getDbUserCreationStatement.sql
[INFO] Processing file 'D:\SecurityManager\branches\PermissionReview\src\sqlserver\Function.getDbRoleCreationStatement.sql'
[INFO] ... has dependency on Schema.Security.sql
[INFO] ... has dependency on Table.ApplicationParams.sql
[INFO] Processing file 'D:\SecurityManager\branches\PermissionReview\src\sqlserver\Function.getDbUserCreationStatement.sql'
[INFO] ... has dependency on Schema.Security.sql
[INFO] Processing file 'D:\SecurityManager\branches\PermissionReview\src\sqlserver\Function.getLogin2DbUserMappingStatement.sql'
[INFO] ... has dependency on Schema.Security.sql
[INFO] ... has dependency on Function.getDbUserCreationStatement.sql
[INFO] Processing file 'D:\SecurityManager\branches\PermissionReview\src\sqlserver\Function.getLoginCreationStatement.sql'
[INFO] ... has dependency on Schema.Security.sql
[INFO] Processing file 'D:\SecurityManager\branches\PermissionReview\src\sqlserver\Function.getOnDatabasePermissionAssignmentStatement.sql'
[INFO] ... has dependency on Schema.Security.sql
[INFO] ... has dependency on Table.ApplicationParams.sql
[INFO] Processing file 'D:\SecurityManager\branches\PermissionReview\src\sqlserver\Function.getOnDbRolePermissionAssignmentStatement.sql'
[INFO] ... has dependency on Schema.Security.sql
[INFO] ... has dependency on Table.ApplicationParams.sql
[INFO] Processing file 'D:\SecurityManager\branches\PermissionReview\src\sqlserver\Function.getOnDbSchemaPermissionAssignmentStatement.sql'
[INFO] ... has dependency on Schema.Security.sql
[INFO] ... has dependency on Table.ApplicationParams.sql
[INFO] Processing file 'D:\SecurityManager\branches\PermissionReview\src\sqlserver\Function.getOnUserObjectPermissionAssignmentStatement.sql'
[INFO] ... has dependency on Schema.Security.sql
[INFO] ... has dependency on Table.ApplicationParams.sql
[INFO] Processing file 'D:\SecurityManager\branches\PermissionReview\src\sqlserver\Function.getSchemaCreationStatement.sql'
[INFO] ... has dependency on Schema.Security.sql
[INFO] Processing file 'D:\SecurityManager\branches\PermissionReview\src\sqlserver\Function.security.getStandardOnSchemaRoleName.sql'
[INFO] ... has dependency on Schema.Security.sql
[INFO] ... has dependency on Table.ApplicationParams.sql
[INFO] Processing file 'D:\SecurityManager\branches\PermissionReview\src\sqlserver\Function.validator.isValidPermissionDescription.sql'
[INFO] ... has dependency on Schema.Validator.sql
[INFO] ... has dependency on Table.inventory.SQLDatabases.sql
[INFO] ... has dependency on Table.DatabaseRoles.sql
[INFO] ... has dependency on Table.SQLMappings.sql
[INFO] Processing file 'D:\SecurityManager\branches\PermissionReview\src\sqlserver\main.sql'
[INFO] ... no dependencies found.
[INFO] Processing file 'D:\SecurityManager\branches\PermissionReview\src\sqlserver\Procedure.CloneSecurity.sql'
[INFO] ... has dependency on Schema.Security.sql
[INFO] ... has dependency on Table.DatabaseRoles.sql
[INFO] ... has dependency on Table.DatabaseSchemas.sql
[INFO] ... has dependency on Table.SQLMappings.sql
[INFO] ... has dependency on Table.DatabasePermissions.sql
[INFO] ... has dependency on Table.DatabaseRoleMembers.sql
[INFO] ... has dependency on Table.SQLLogins.sql
[INFO] Processing file 'D:\SecurityManager\branches\PermissionReview\src\sqlserver\Procedure.CreateTempTables4Generation.sql'
[INFO] ... has dependency on Schema.Security.sql
[INFO] Processing file 'D:\SecurityManager\branches\PermissionReview\src\sqlserver\Procedure.getDbRolesAssignmentScript.sql'
[INFO] ... has dependency on Schema.Security.sql
[INFO] ... has dependency on Table.DatabaseRoleMembers.sql
[INFO] ... has dependency on Function.getDbRoleAssignmentStatement.sql
[INFO] ... has dependency on Procedure.CreateTempTables4Generation.sql
[INFO] ... has dependency on Procedure.SaveSecurityGenerationResult.sql
[INFO] ... has dependency on Procedure.SecurityGenHelper_AppendCheck.sql
[INFO] Processing file 'D:\SecurityManager\branches\PermissionReview\src\sqlserver\Procedure.getDbRolesCreationScript.sql'
[INFO] ... has dependency on Schema.Security.sql
[INFO] ... has dependency on Table.DatabaseRoles.sql
[INFO] ... has dependency on View.Logins.sql
[INFO] ... has dependency on Function.getDbRoleCreationStatement.sql
[INFO] ... has dependency on Procedure.CreateTempTables4Generation.sql
[INFO] ... has dependency on Procedure.SaveSecurityGenerationResult.sql
[INFO] ... has dependency on Procedure.SecurityGenHelper_AppendCheck.sql
[INFO] Processing file 'D:\SecurityManager\branches\PermissionReview\src\sqlserver\Procedure.getDbSchemasCreationScript.sql'
[INFO] ... has dependency on Schema.Security.sql
[INFO] ... has dependency on Table.DatabaseSchemas.sql
[INFO] ... has dependency on View.Logins.sql
[INFO] ... has dependency on Function.getSchemaCreationStatement.sql
[INFO] ... has dependency on Procedure.CreateTempTables4Generation.sql
[INFO] ... has dependency on Procedure.SaveSecurityGenerationResult.sql
[INFO] ... has dependency on Procedure.SecurityGenHelper_AppendCheck.sql
[INFO] Processing file 'D:\SecurityManager\branches\PermissionReview\src\sqlserver\Procedure.getDbUsersCreationScript.sql'
[INFO] ... has dependency on Schema.Security.sql
[INFO] ... has dependency on View.DatabaseUsers.sql
[INFO] ... has dependency on View.Logins.sql
[INFO] ... has dependency on Function.getDbUserCreationStatement.sql
[INFO] ... has dependency on Procedure.CreateTempTables4Generation.sql
[INFO] ... has dependency on Procedure.SaveSecurityGenerationResult.sql
[INFO] ... has dependency on Procedure.SecurityGenHelper_AppendCheck.sql
[INFO] Processing file 'D:\SecurityManager\branches\PermissionReview\src\sqlserver\Procedure.getLogin2DbUserMappingsScript.sql'
[INFO] ... has dependency on Schema.Security.sql
[INFO] ... has dependency on Table.SQLMappings.sql
[INFO] ... has dependency on Procedure.CreateTempTables4Generation.sql
[INFO] ... has dependency on Procedure.SaveSecurityGenerationResult.sql
[INFO] ... has dependency on Function.getLogin2DbUserMappingStatement.sql
[INFO] ... has dependency on Procedure.SecurityGenHelper_AppendCheck.sql
[INFO] Processing file 'D:\SecurityManager\branches\PermissionReview\src\sqlserver\Procedure.getLoginsCreationScript.sql'
[INFO] ... has dependency on Schema.Security.sql
[INFO] ... has dependency on Table.ApplicationParams.sql
[INFO] ... has dependency on View.Logins.sql
[INFO] ... has dependency on Function.getLoginCreationStatement.sql
[INFO] ... has dependency on Procedure.CreateTempTables4Generation.sql
[INFO] ... has dependency on Procedure.SaveSecurityGenerationResult.sql
[INFO] ... has dependency on Procedure.SecurityGenHelper_AppendCheck.sql
[INFO] Processing file 'D:\SecurityManager\branches\PermissionReview\src\sqlserver\Procedure.getObjectPermissionAssignmentScript.sql'
[INFO] ... has dependency on Schema.Security.sql
[INFO] ... has dependency on Table.DatabasePermissions.sql
[INFO] ... has dependency on Function.getOnDbSchemaPermissionAssignmentStatement.sql
[INFO] ... has dependency on Function.getOnUserObjectPermissionAssignmentStatement.sql
[INFO] ... has dependency on Procedure.CreateTempTables4Generation.sql
[INFO] ... has dependency on Procedure.SaveSecurityGenerationResult.sql
[INFO] ... has dependency on Procedure.SecurityGenHelper_AppendCheck.sql
[INFO] Processing file 'D:\SecurityManager\branches\PermissionReview\src\sqlserver\Procedure.getSecurityScript.sql'
[INFO] ... has dependency on Schema.Security.sql
[INFO] ... has dependency on Table.DatabaseRoles.sql
[INFO] ... has dependency on Table.DatabaseSchemas.sql
[INFO] ... has dependency on Table.SQLMappings.sql
[INFO] ... has dependency on Table.DatabasePermissions.sql
[INFO] ... has dependency on Procedure.CreateTempTables4Generation.sql
[INFO] ... has dependency on Procedure.SaveSecurityGenerationResult.sql
[INFO] ... has dependency on Table.DatabaseRoleMembers.sql
[INFO] ... has dependency on Table.SQLLogins.sql
[INFO] ... has dependency on Procedure.getDbSchemasCreationScript.sql
[INFO] ... has dependency on Procedure.getLoginsCreationScript.sql
[INFO] ... has dependency on Procedure.getDbUsersCreationScript.sql
[INFO] ... has dependency on Procedure.getDbRolesCreationScript.sql
[INFO] ... has dependency on Procedure.getDbRolesAssignmentScript.sql
[INFO] ... has dependency on Procedure.getLogin2DbUserMappingsScript.sql
[INFO] ... has dependency on Procedure.SecurityGenHelper_AppendCheck.sql
[INFO] Processing file 'D:\SecurityManager\branches\PermissionReview\src\sqlserver\Procedure.inventory.ManageSQLInstance.sql'
[INFO] ... has dependency on Schema.Inventory.sql
[INFO] ... has dependency on Table.inventory.SQLInstances.sql
[INFO] ... has dependency on Table.inventory.SQLDatabases.sql
[INFO] Processing file 'D:\SecurityManager\branches\PermissionReview\src\sqlserver\Procedure.SaveSecurityGenerationResult.sql'
[INFO] ... has dependency on Schema.Security.sql
[INFO] Processing file 'D:\SecurityManager\branches\PermissionReview\src\sqlserver\Procedure.security.ManageContacts.sql'
[INFO] ... has dependency on Schema.Security.sql
[INFO] ... has dependency on Table.Contacts.sql
[INFO] ... has dependency on Table.ApplicationParams.sql
[INFO] Processing file 'D:\SecurityManager\branches\PermissionReview\src\sqlserver\Procedure.security.ManagePermission.sql'
[INFO] ... has dependency on Schema.Security.sql
[INFO] ... has dependency on Table.DatabasePermissions.sql
[INFO] ... has dependency on Function.validator.isValidPermissionDescription.sql
[INFO] Processing file 'D:\SecurityManager\branches\PermissionReview\src\sqlserver\Procedure.security.setStandardOnDatabaseRole.sql'
[INFO] ... has dependency on Schema.Security.sql
[INFO] ... has dependency on Table.DatabaseRoles.sql
[INFO] ... has dependency on Table.DatabasePermissions.sql
[INFO] ... has dependency on Table.security.StandardOnDatabaseRoles.sql
[INFO] ... has dependency on Table.security.StandardOnDatabaseRolesSecurity.sql
[INFO] ... has dependency on Table.StandardExclusion.sql
[INFO] ... has dependency on Table.inventory.SQLDatabases.sql
[INFO] ... has dependency on Procedure.security.setStandardOnDatabaseRolePermissions.sql
[INFO] Processing file 'D:\SecurityManager\branches\PermissionReview\src\sqlserver\Procedure.security.setStandardOnDatabaseRolePermissions.sql'
[INFO] ... has dependency on Schema.Security.sql
[INFO] ... has dependency on Table.DatabaseRoles.sql
[INFO] ... has dependency on Table.DatabasePermissions.sql
[INFO] ... has dependency on Table.security.StandardOnDatabaseRoles.sql
[INFO] ... has dependency on Table.security.StandardOnDatabaseRolesSecurity.sql
[INFO] ... has dependency on Table.StandardExclusion.sql
[INFO] Processing file 'D:\SecurityManager\branches\PermissionReview\src\sqlserver\Procedure.security.setStandardPermissions.sql'
[INFO] ... has dependency on Schema.Security.sql
[INFO] ... has dependency on Table.DatabaseRoles.sql
[INFO] ... has dependency on Table.DatabasePermissions.sql
[INFO] ... has dependency on Table.StandardExclusion.sql
[INFO] ... has dependency on Table.security.StandardRoles.sql
[INFO] ... has dependency on Table.ApplicationParams.sql
[INFO] Processing file 'D:\SecurityManager\branches\PermissionReview\src\sqlserver\Procedure.security.setStandardRoleMembers.sql'
[INFO] ... has dependency on Schema.Security.sql
[INFO] ... has dependency on Table.DatabaseRoles.sql
[INFO] ... has dependency on Table.DatabaseRoleMembers.sql
[INFO] ... has dependency on Table.StandardExclusion.sql
[INFO] ... has dependency on Table.security.StandardRoles.sql
[INFO] ... has dependency on Table.ApplicationParams.sql
[INFO] Processing file 'D:\SecurityManager\branches\PermissionReview\src\sqlserver\Procedure.security.setStandardRoles.sql'
[INFO] ... has dependency on Schema.Security.sql
[INFO] ... has dependency on Table.DatabaseRoles.sql
[INFO] ... has dependency on Table.DatabasePermissions.sql
[INFO] ... has dependency on Table.StandardExclusion.sql
[INFO] ... has dependency on Table.security.StandardRoles.sql
[INFO] ... has dependency on Table.ApplicationParams.sql
[INFO] ... has dependency on Procedure.security.setStandardPermissions.sql
[INFO] ... has dependency on Procedure.security.setStandardRoleMembers.sql
[INFO] Processing file 'D:\SecurityManager\branches\PermissionReview\src\sqlserver\Procedure.SecurityGenHelper_AppendCheck.sql'
[INFO] ... has dependency on Schema.Security.sql
[INFO] Processing file 'D:\SecurityManager\branches\PermissionReview\src\sqlserver\Procedure.SecurityHelpers.PrepareASPNETServerRegistrationToolInstallation.sql'
[INFO] ... has dependency on Schema.SecurityHelpers.sql
[INFO] ... has dependency on Table.DatabaseRoles.sql
[INFO] ... has dependency on Table.DatabaseSchemas.sql
[INFO] ... has dependency on Table.DatabasePermissions.sql
[INFO] ... has dependency on Table.DatabaseRoleMembers.sql
[INFO] Processing file 'D:\SecurityManager\branches\PermissionReview\src\sqlserver\Procedure.SecurityHelpers.setSQLAgentUserPermission.sql'
[INFO] ... has dependency on Schema.SecurityHelpers.sql
[INFO] ... has dependency on Schema.Security.sql
[INFO] ... has dependency on Table.Contacts.sql
[INFO] ... has dependency on Table.SQLMappings.sql
[INFO] ... has dependency on Table.DatabaseRoles.sql
[INFO] ... has dependency on Table.DatabaseRoleMembers.sql
[INFO] ... has dependency on Procedure.setDatabaseAccess.sql
[INFO] Processing file 'D:\SecurityManager\branches\PermissionReview\src\sqlserver\Procedure.setDatabaseAccess.sql'
[INFO] ... has dependency on Schema.Security.sql
[INFO] ... has dependency on Table.Contacts.sql
[INFO] ... has dependency on Table.SQLMappings.sql
[INFO] ... has dependency on Procedure.setServerAccess.sql
[INFO] Processing file 'D:\SecurityManager\branches\PermissionReview\src\sqlserver\Procedure.setSchemaAccess.sql'
[INFO] ... has dependency on Schema.Security.sql
[INFO] ... has dependency on Table.Contacts.sql
[INFO] ... has dependency on Table.SQLLogins.sql
[INFO] ... has dependency on Table.SQLMappings.sql
[INFO] ... has dependency on Table.DatabaseSchemas.sql
[INFO] ... has dependency on Table.DatabaseRoles.sql
[INFO] ... has dependency on Table.DatabaseRoleMembers.sql
[INFO] ... has dependency on Table.StandardOnSchemaRoles.sql
[INFO] ... has dependency on Procedure.setServerAccess.sql
[INFO] ... has dependency on Function.security.getStandardOnSchemaRoleName.sql
[INFO] Processing file 'D:\SecurityManager\branches\PermissionReview\src\sqlserver\Procedure.setServerAccess.sql'
[INFO] ... has dependency on Schema.Security.sql
[INFO] ... has dependency on Table.Contacts.sql
[INFO] ... has dependency on Table.SQLLogins.sql
[INFO] Processing file 'D:\SecurityManager\branches\PermissionReview\src\sqlserver\Procedure.setStandardOnSchemaRolePermissions.sql'
[INFO] ... has dependency on Schema.Security.sql
[INFO] ... has dependency on Table.ApplicationParams.sql
[INFO] ... has dependency on Table.DatabasePermissions.sql
[INFO] ... has dependency on Table.DatabaseRoleMembers.sql
[INFO] ... has dependency on Table.StandardOnSchemaRolesSecurity.sql
[INFO] ... has dependency on Table.SQLMappings.sql
[INFO] Processing file 'D:\SecurityManager\branches\PermissionReview\src\sqlserver\Procedure.setStandardOnSchemaRoles.sql'
[INFO] ... has dependency on Schema.Security.sql
[INFO] ... has dependency on Table.DatabaseRoles.sql
[INFO] ... has dependency on Table.DatabasePermissions.sql
[INFO] ... has dependency on View.security.StandardOnSchemaRoles.sql
[INFO] ... has dependency on Table.DatabaseSchemas.sql
[INFO] ... has dependency on Table.SQLMappings.sql
[INFO] ... has dependency on Table.StandardExclusion.sql
[INFO] ... has dependency on View.StandardOnSchemaRolesTreeView.sql
[INFO] ... has dependency on Procedure.setStandardOnSchemaRolePermissions.sql
[INFO] Processing file 'D:\SecurityManager\branches\PermissionReview\src\sqlserver\Schema.Inventory.sql'
[INFO] ... has dependency on main.sql
[INFO] Processing file 'D:\SecurityManager\branches\PermissionReview\src\sqlserver\Schema.Security.sql'
[INFO] ... has dependency on main.sql
[INFO] Processing file 'D:\SecurityManager\branches\PermissionReview\src\sqlserver\Schema.SecurityHelpers.sql'
[INFO] ... no dependencies found.
[INFO] Processing file 'D:\SecurityManager\branches\PermissionReview\src\sqlserver\Schema.Validator.sql'
[INFO] ... has dependency on main.sql
[INFO] Processing file 'D:\SecurityManager\branches\PermissionReview\src\sqlserver\Table.ApplicationLog.sql'
[INFO] ... has dependency on Schema.Security.sql
[INFO] Processing file 'D:\SecurityManager\branches\PermissionReview\src\sqlserver\Table.ApplicationParams.sql'
[INFO] ... has dependency on Schema.Security.sql
[INFO] Processing file 'D:\SecurityManager\branches\PermissionReview\src\sqlserver\Table.Contacts.sql'
[INFO] ... has dependency on Schema.Security.sql
[INFO] Processing file 'D:\SecurityManager\branches\PermissionReview\src\sqlserver\Table.DatabasePermissions.sql'
[INFO] ... has dependency on Schema.Security.sql
[INFO] ... has dependency on Table.DatabasePermissions.sql
[INFO] Processing file 'D:\SecurityManager\branches\PermissionReview\src\sqlserver\Table.DatabaseRoleMembers.sql'
[INFO] ... has dependency on Schema.Security.sql
[INFO] ... has dependency on Table.DatabaseRoles.sql
[INFO] Processing file 'D:\SecurityManager\branches\PermissionReview\src\sqlserver\Table.DatabaseRoles.sql'
[INFO] ... has dependency on Schema.Security.sql
[INFO] Processing file 'D:\SecurityManager\branches\PermissionReview\src\sqlserver\Table.DatabaseSchemas.sql'
[INFO] ... has dependency on Schema.Security.sql
[INFO] ... has dependency on Schema.Inventory.sql
[INFO] ... has dependency on Table.inventory.SQLDatabases.sql
[INFO] Processing file 'D:\SecurityManager\branches\PermissionReview\src\sqlserver\Table.inventory.SQLDatabases.sql'
[INFO] ... has dependency on Schema.Inventory.sql
[INFO] ... has dependency on Table.inventory.SQLInstances.sql
[INFO] Processing file 'D:\SecurityManager\branches\PermissionReview\src\sqlserver\Table.inventory.SQLInstances.sql'
[INFO] ... has dependency on Schema.Inventory.sql
[INFO] Processing file 'D:\SecurityManager\branches\PermissionReview\src\sqlserver\Table.security.StandardOnDatabaseRoles.sql'
[INFO] ... has dependency on Schema.Security.sql
[INFO] Processing file 'D:\SecurityManager\branches\PermissionReview\src\sqlserver\Table.security.StandardOnDatabaseRolesSecurity.sql'
[INFO] ... has dependency on Schema.Security.sql
[INFO] ... has dependency on Table.security.StandardOnDatabaseRoles.sql
[INFO] Processing file 'D:\SecurityManager\branches\PermissionReview\src\sqlserver\Table.security.StandardRoleMembers.sql'
[INFO] ... has dependency on Schema.Security.sql
[INFO] ... has dependency on Table.security.StandardRoles.sql
[INFO] Processing file 'D:\SecurityManager\branches\PermissionReview\src\sqlserver\Table.security.StandardRoles.sql'
[INFO] ... has dependency on Schema.Security.sql
[INFO] Processing file 'D:\SecurityManager\branches\PermissionReview\src\sqlserver\Table.security.StandardRolesPermissions.sql'
[INFO] ... has dependency on Schema.Security.sql
[INFO] ... has dependency on Table.security.StandardRoles.sql
[INFO] ... has dependency on Table.security.StandardRoles.sql
[INFO] Processing file 'D:\SecurityManager\branches\PermissionReview\src\sqlserver\Table.SQLLogins.sql'
[INFO] ... has dependency on Schema.Security.sql
[INFO] ... has dependency on Table.Contacts.sql
[INFO] Processing file 'D:\SecurityManager\branches\PermissionReview\src\sqlserver\Table.SQLMappings.sql'
[INFO] ... has dependency on Schema.Security.sql
[INFO] ... has dependency on Table.SQLLogins.sql
[INFO] ... has dependency on Table.DatabaseSchemas.sql
[INFO] Processing file 'D:\SecurityManager\branches\PermissionReview\src\sqlserver\Table.StandardExclusion.sql'
[INFO] ... has dependency on Schema.Security.sql
[INFO] Processing file 'D:\SecurityManager\branches\PermissionReview\src\sqlserver\Table.StandardOnSchemaRoles.sql'
[INFO] ... has dependency on Schema.Security.sql
[INFO] Processing file 'D:\SecurityManager\branches\PermissionReview\src\sqlserver\Table.StandardOnSchemaRolesSecurity.sql'
[INFO] ... has dependency on Schema.Security.sql
[INFO] ... has dependency on Table.security.StandardRoles.sql
[INFO] Processing file 'D:\SecurityManager\branches\PermissionReview\src\sqlserver\View.DatabaseUsers.sql'
[INFO] ... has dependency on Schema.Security.sql
[INFO] ... has dependency on Table.Contacts.sql
[INFO] ... has dependency on Table.SQLLogins.sql
[INFO] ... has dependency on Table.SQLMappings.sql
[INFO] Processing file 'D:\SecurityManager\branches\PermissionReview\src\sqlserver\View.Logins.sql'
[INFO] ... has dependency on Schema.Security.sql
[INFO] ... has dependency on Table.SQLLogins.sql
[INFO] ... has dependency on Table.Contacts.sql
[INFO] ... has dependency on Table.SQLMappings.sql
[INFO] Processing file 'D:\SecurityManager\branches\PermissionReview\src\sqlserver\View.security.StandardOnDatabaseRoles.sql'
[INFO] ... has dependency on Schema.Security.sql
[INFO] ... has dependency on Table.security.StandardRoles.sql
[INFO] Processing file 'D:\SecurityManager\branches\PermissionReview\src\sqlserver\View.security.StandardOnSchemaRoles.sql'
[INFO] ... has dependency on Schema.Security.sql
[INFO] ... has dependency on Table.security.StandardRoles.sql
[INFO] Processing file 'D:\SecurityManager\branches\PermissionReview\src\sqlserver\View.security.StandardOnSchemaRolesSecurity.sql'
[INFO] ... has dependency on Schema.Security.sql
[INFO] ... has dependency on Table.security.StandardRoleMembers.sql
[INFO] ... has dependency on Table.security.StandardRolesPermissions.sql
[INFO] Processing file 'D:\SecurityManager\branches\PermissionReview\src\sqlserver\View.StandardOnSchemaRolesTreeView.sql'
[INFO] ... has dependency on Schema.Security.sql
[INFO] ... has dependency on View.security.StandardOnSchemaRoles.sql
[INFO] ... has dependency on View.security.StandardOnSchemaRolesSecurity.sql
[INFO] Verifying dependencies of 'D:\SecurityManager\branches\PermissionReview\src\sqlserver\Function.security.getStandardOnSchemaRoleName.sql'
[INFO] Verifying dependencies of 'D:\SecurityManager\branches\PermissionReview\src\sqlserver\Table.DatabaseRoleMembers.sql'
[INFO] Verifying dependencies of 'D:\SecurityManager\branches\PermissionReview\src\sqlserver\Procedure.security.setStandardPermissions.sql'
[INFO] Verifying dependencies of 'D:\SecurityManager\branches\PermissionReview\src\sqlserver\Function.getOnDbSchemaPermissionAssignmentStatement.sql'
[INFO] Verifying dependencies of 'D:\SecurityManager\branches\PermissionReview\src\sqlserver\Procedure.SaveSecurityGenerationResult.sql'
[INFO] Verifying dependencies of 'D:\SecurityManager\branches\PermissionReview\src\sqlserver\Procedure.security.ManagePermission.sql'
[INFO] Verifying dependencies of 'D:\SecurityManager\branches\PermissionReview\src\sqlserver\Procedure.security.setStandardRoles.sql'
[INFO] Verifying dependencies of 'D:\SecurityManager\branches\PermissionReview\src\sqlserver\Function.getDbUserCreationStatement.sql'
[INFO] Verifying dependencies of 'D:\SecurityManager\branches\PermissionReview\src\sqlserver\View.DatabaseUsers.sql'
[INFO] Verifying dependencies of 'D:\SecurityManager\branches\PermissionReview\src\sqlserver\Table.Contacts.sql'
[INFO] Verifying dependencies of 'D:\SecurityManager\branches\PermissionReview\src\sqlserver\Procedure.security.setStandardOnDatabaseRole.sql'
[INFO] Verifying dependencies of 'D:\SecurityManager\branches\PermissionReview\src\sqlserver\Table.security.StandardRolesPermissions.sql'
[INFO] Verifying dependencies of 'D:\SecurityManager\branches\PermissionReview\src\sqlserver\Data.security.StandardRoles.sql'
[INFO] Verifying dependencies of 'D:\SecurityManager\branches\PermissionReview\src\sqlserver\Table.ApplicationParams.sql'
[INFO] Verifying dependencies of 'D:\SecurityManager\branches\PermissionReview\src\sqlserver\Procedure.security.ManageContacts.sql'
[INFO] Verifying dependencies of 'D:\SecurityManager\branches\PermissionReview\src\sqlserver\Procedure.SecurityGenHelper_AppendCheck.sql'
[INFO] Verifying dependencies of 'D:\SecurityManager\branches\PermissionReview\src\sqlserver\Procedure.getDbSchemasCreationScript.sql'
[INFO] Verifying dependencies of 'D:\SecurityManager\branches\PermissionReview\src\sqlserver\Procedure.SecurityHelpers.setSQLAgentUserPermission.sql'
[INFO] Verifying dependencies of 'D:\SecurityManager\branches\PermissionReview\src\sqlserver\Function.getSchemaCreationStatement.sql'
[INFO] Verifying dependencies of 'D:\SecurityManager\branches\PermissionReview\src\sqlserver\Procedure.setStandardOnSchemaRolePermissions.sql'
[INFO] Verifying dependencies of 'D:\SecurityManager\branches\PermissionReview\src\sqlserver\Procedure.getSecurityScript.sql'
[INFO] Verifying dependencies of 'D:\SecurityManager\branches\PermissionReview\src\sqlserver\Table.StandardOnSchemaRolesSecurity.sql'
[INFO] Verifying dependencies of 'D:\SecurityManager\branches\PermissionReview\src\sqlserver\Table.DatabaseSchemas.sql'
[INFO] Verifying dependencies of 'D:\SecurityManager\branches\PermissionReview\src\sqlserver\Schema.Security.sql'
[INFO] Verifying dependencies of 'D:\SecurityManager\branches\PermissionReview\src\sqlserver\Procedure.getDbRolesAssignmentScript.sql'
[INFO] Verifying dependencies of 'D:\SecurityManager\branches\PermissionReview\src\sqlserver\Procedure.setServerAccess.sql'
[INFO] Verifying dependencies of 'D:\SecurityManager\branches\PermissionReview\src\sqlserver\Table.security.StandardOnDatabaseRoles.sql'
[INFO] Verifying dependencies of 'D:\SecurityManager\branches\PermissionReview\src\sqlserver\Schema.SecurityHelpers.sql'
[INFO] Verifying dependencies of 'D:\SecurityManager\branches\PermissionReview\src\sqlserver\Table.SQLLogins.sql'
[INFO] Verifying dependencies of 'D:\SecurityManager\branches\PermissionReview\src\sqlserver\View.security.StandardOnSchemaRoles.sql'
[INFO] Verifying dependencies of 'D:\SecurityManager\branches\PermissionReview\src\sqlserver\View.security.StandardOnSchemaRolesSecurity.sql'
[INFO] Verifying dependencies of 'D:\SecurityManager\branches\PermissionReview\src\sqlserver\Function.getDbRoleCreationStatement.sql'
[INFO] Verifying dependencies of 'D:\SecurityManager\branches\PermissionReview\src\sqlserver\Procedure.getDbRolesCreationScript.sql'
[INFO] Verifying dependencies of 'D:\SecurityManager\branches\PermissionReview\src\sqlserver\Procedure.getLogin2DbUserMappingsScript.sql'
[INFO] Verifying dependencies of 'D:\SecurityManager\branches\PermissionReview\src\sqlserver\Function.getLogin2DbUserMappingStatement.sql'
[INFO] Verifying dependencies of 'D:\SecurityManager\branches\PermissionReview\src\sqlserver\Procedure.security.setStandardRoleMembers.sql'
[INFO] Verifying dependencies of 'D:\SecurityManager\branches\PermissionReview\src\sqlserver\View.security.StandardOnDatabaseRoles.sql'
[INFO] Verifying dependencies of 'D:\SecurityManager\branches\PermissionReview\src\sqlserver\Table.StandardExclusion.sql'
[INFO] Verifying dependencies of 'D:\SecurityManager\branches\PermissionReview\src\sqlserver\main.sql'
[INFO] Verifying dependencies of 'D:\SecurityManager\branches\PermissionReview\src\sqlserver\Procedure.security.setStandardOnDatabaseRolePermissions.sql'
[INFO] Verifying dependencies of 'D:\SecurityManager\branches\PermissionReview\src\sqlserver\Function.getOnUserObjectPermissionAssignmentStatement.sql'
[INFO] Verifying dependencies of 'D:\SecurityManager\branches\PermissionReview\src\sqlserver\Procedure.setStandardOnSchemaRoles.sql'
[INFO] Verifying dependencies of 'D:\SecurityManager\branches\PermissionReview\src\sqlserver\View.StandardOnSchemaRolesTreeView.sql'
[INFO] Verifying dependencies of 'D:\SecurityManager\branches\PermissionReview\src\sqlserver\Procedure.SecurityHelpers.PrepareASPNETServerRegistrationToolInstallation.sql'
[INFO] Verifying dependencies of 'D:\SecurityManager\branches\PermissionReview\src\sqlserver\Table.security.StandardOnDatabaseRolesSecurity.sql'
[INFO] Verifying dependencies of 'D:\SecurityManager\branches\PermissionReview\src\sqlserver\Function.getOnDatabasePermissionAssignmentStatement.sql'
[INFO] Verifying dependencies of 'D:\SecurityManager\branches\PermissionReview\src\sqlserver\Procedure.CloneSecurity.sql'
[INFO] Verifying dependencies of 'D:\SecurityManager\branches\PermissionReview\src\sqlserver\Procedure.CreateTempTables4Generation.sql'
[INFO] Verifying dependencies of 'D:\SecurityManager\branches\PermissionReview\src\sqlserver\Table.security.StandardRoles.sql'
[INFO] Verifying dependencies of 'D:\SecurityManager\branches\PermissionReview\src\sqlserver\Function.getDbRoleAssignmentStatement.sql'
[INFO] Verifying dependencies of 'D:\SecurityManager\branches\PermissionReview\src\sqlserver\Table.inventory.SQLDatabases.sql'
[INFO] Verifying dependencies of 'D:\SecurityManager\branches\PermissionReview\src\sqlserver\Procedure.getLoginsCreationScript.sql'
[INFO] Verifying dependencies of 'D:\SecurityManager\branches\PermissionReview\src\sqlserver\Table.ApplicationLog.sql'
[INFO] Verifying dependencies of 'D:\SecurityManager\branches\PermissionReview\src\sqlserver\Function.getLoginCreationStatement.sql'
[INFO] Verifying dependencies of 'D:\SecurityManager\branches\PermissionReview\src\sqlserver\Table.StandardOnSchemaRoles.sql'
[INFO] Verifying dependencies of 'D:\SecurityManager\branches\PermissionReview\src\sqlserver\Procedure.setSchemaAccess.sql'
[INFO] Verifying dependencies of 'D:\SecurityManager\branches\PermissionReview\src\sqlserver\View.Logins.sql'
[INFO] Verifying dependencies of 'D:\SecurityManager\branches\PermissionReview\src\sqlserver\Table.DatabaseRoles.sql'
[INFO] Verifying dependencies of 'D:\SecurityManager\branches\PermissionReview\src\sqlserver\Procedure.setDatabaseAccess.sql'
[INFO] Verifying dependencies of 'D:\SecurityManager\branches\PermissionReview\src\sqlserver\Schema.Validator.sql'
[INFO] Verifying dependencies of 'D:\SecurityManager\branches\PermissionReview\src\sqlserver\Table.security.StandardRoleMembers.sql'
[INFO] Verifying dependencies of 'D:\SecurityManager\branches\PermissionReview\src\sqlserver\Function.getOnDbRolePermissionAssignmentStatement.sql'
[INFO] Verifying dependencies of 'D:\SecurityManager\branches\PermissionReview\src\sqlserver\Procedure.getDbUsersCreationScript.sql'
[INFO] Verifying dependencies of 'D:\SecurityManager\branches\PermissionReview\src\sqlserver\Function.validator.isValidPermissionDescription.sql'
[INFO] Verifying dependencies of 'D:\SecurityManager\branches\PermissionReview\src\sqlserver\Procedure.inventory.ManageSQLInstance.sql'
[INFO] Verifying dependencies of 'D:\SecurityManager\branches\PermissionReview\src\sqlserver\Procedure.getObjectPermissionAssignmentScript.sql'
[INFO] Verifying dependencies of 'D:\SecurityManager\branches\PermissionReview\src\sqlserver\Table.inventory.SQLInstances.sql'
[INFO] Verifying dependencies of 'D:\SecurityManager\branches\PermissionReview\src\sqlserver\Table.DatabasePermissions.sql'
[INFO] Verifying dependencies of 'D:\SecurityManager\branches\PermissionReview\src\sqlserver\Table.SQLMappings.sql'
[INFO] Verifying dependencies of 'D:\SecurityManager\branches\PermissionReview\src\sqlserver\Schema.Inventory.sql'
[INFO] Adding 'D:\SecurityManager\branches\PermissionReview\src\sqlserver\Schema.SecurityHelpers.sql' to output.
[INFO] Adding 'D:\SecurityManager\branches\PermissionReview\src\sqlserver\main.sql' to output.
[INFO] Adding 'D:\SecurityManager\branches\PermissionReview\src\sqlserver\Schema.Security.sql' to output.
[INFO] Adding 'D:\SecurityManager\branches\PermissionReview\src\sqlserver\Table.ApplicationParams.sql' to output.
[INFO] Adding 'D:\SecurityManager\branches\PermissionReview\src\sqlserver\Table.DatabaseRoles.sql' to output.
[INFO] Adding 'D:\SecurityManager\branches\PermissionReview\src\sqlserver\Table.StandardExclusion.sql' to output.
[INFO] Adding 'D:\SecurityManager\branches\PermissionReview\src\sqlserver\Table.security.StandardRoles.sql' to output.
[INFO] Adding 'D:\SecurityManager\branches\PermissionReview\src\sqlserver\Procedure.SaveSecurityGenerationResult.sql' to output.
[INFO] Adding 'D:\SecurityManager\branches\PermissionReview\src\sqlserver\Function.getDbUserCreationStatement.sql' to output.
[INFO] Adding 'D:\SecurityManager\branches\PermissionReview\src\sqlserver\Table.Contacts.sql' to output.
[INFO] Adding 'D:\SecurityManager\branches\PermissionReview\src\sqlserver\Table.security.StandardOnDatabaseRoles.sql' to output.
[INFO] Adding 'D:\SecurityManager\branches\PermissionReview\src\sqlserver\Procedure.SecurityGenHelper_AppendCheck.sql' to output.
[INFO] Adding 'D:\SecurityManager\branches\PermissionReview\src\sqlserver\Function.getSchemaCreationStatement.sql' to output.
[INFO] Adding 'D:\SecurityManager\branches\PermissionReview\src\sqlserver\Procedure.CreateTempTables4Generation.sql' to output.
[INFO] Adding 'D:\SecurityManager\branches\PermissionReview\src\sqlserver\Schema.Inventory.sql' to output.
[INFO] Adding 'D:\SecurityManager\branches\PermissionReview\src\sqlserver\Table.ApplicationLog.sql' to output.
[INFO] Adding 'D:\SecurityManager\branches\PermissionReview\src\sqlserver\Function.getLoginCreationStatement.sql' to output.
[INFO] Adding 'D:\SecurityManager\branches\PermissionReview\src\sqlserver\Table.StandardOnSchemaRoles.sql' to output.
[INFO] Adding 'D:\SecurityManager\branches\PermissionReview\src\sqlserver\Schema.Validator.sql' to output.
[INFO] Adding 'D:\SecurityManager\branches\PermissionReview\src\sqlserver\Table.inventory.SQLInstances.sql' to output.
[INFO] Adding 'D:\SecurityManager\branches\PermissionReview\src\sqlserver\Function.security.getStandardOnSchemaRoleName.sql' to output.
[INFO] Adding 'D:\SecurityManager\branches\PermissionReview\src\sqlserver\Table.DatabaseRoleMembers.sql' to output.
[INFO] Adding 'D:\SecurityManager\branches\PermissionReview\src\sqlserver\Table.DatabasePermissions.sql' to output.
[INFO] Adding 'D:\SecurityManager\branches\PermissionReview\src\sqlserver\Function.getOnDbSchemaPermissionAssignmentStatement.sql' to output.
[INFO] Adding 'D:\SecurityManager\branches\PermissionReview\src\sqlserver\Function.getLogin2DbUserMappingStatement.sql' to output.
[INFO] Adding 'D:\SecurityManager\branches\PermissionReview\src\sqlserver\Table.SQLLogins.sql' to output.
[INFO] Adding 'D:\SecurityManager\branches\PermissionReview\src\sqlserver\Table.security.StandardOnDatabaseRolesSecurity.sql' to output.
[INFO] Adding 'D:\SecurityManager\branches\PermissionReview\src\sqlserver\Table.inventory.SQLDatabases.sql' to output.
[INFO] Adding 'D:\SecurityManager\branches\PermissionReview\src\sqlserver\Function.getDbRoleCreationStatement.sql' to output.
[INFO] Adding 'D:\SecurityManager\branches\PermissionReview\src\sqlserver\Function.getOnUserObjectPermissionAssignmentStatement.sql' to output.
[INFO] Adding 'D:\SecurityManager\branches\PermissionReview\src\sqlserver\Function.getOnDatabasePermissionAssignmentStatement.sql' to output.
[INFO] Adding 'D:\SecurityManager\branches\PermissionReview\src\sqlserver\Function.getOnDbRolePermissionAssignmentStatement.sql' to output.
[INFO] Adding 'D:\SecurityManager\branches\PermissionReview\src\sqlserver\Table.StandardOnSchemaRolesSecurity.sql' to output.
[INFO] Adding 'D:\SecurityManager\branches\PermissionReview\src\sqlserver\View.security.StandardOnSchemaRoles.sql' to output.
[INFO] Adding 'D:\SecurityManager\branches\PermissionReview\src\sqlserver\View.security.StandardOnDatabaseRoles.sql' to output.
[INFO] Adding 'D:\SecurityManager\branches\PermissionReview\src\sqlserver\Table.security.StandardRoleMembers.sql' to output.
[INFO] Adding 'D:\SecurityManager\branches\PermissionReview\src\sqlserver\Table.SQLMappings.sql' to output.
[INFO] Adding 'D:\SecurityManager\branches\PermissionReview\src\sqlserver\Function.validator.isValidPermissionDescription.sql' to output.
[INFO] Adding 'D:\SecurityManager\branches\PermissionReview\src\sqlserver\Procedure.security.ManagePermission.sql' to output.
[INFO] Adding 'D:\SecurityManager\branches\PermissionReview\src\sqlserver\Procedure.security.ManageContacts.sql' to output.
[INFO] Adding 'D:\SecurityManager\branches\PermissionReview\src\sqlserver\Procedure.setServerAccess.sql' to output.
[INFO] Adding 'D:\SecurityManager\branches\PermissionReview\src\sqlserver\Table.security.StandardRolesPermissions.sql' to output.
[INFO] Adding 'D:\SecurityManager\branches\PermissionReview\src\sqlserver\View.security.StandardOnSchemaRolesSecurity.sql' to output.
[INFO] Adding 'D:\SecurityManager\branches\PermissionReview\src\sqlserver\Table.DatabaseSchemas.sql' to output.
[INFO] Adding 'D:\SecurityManager\branches\PermissionReview\src\sqlserver\View.StandardOnSchemaRolesTreeView.sql' to output.
[INFO] Adding 'D:\SecurityManager\branches\PermissionReview\src\sqlserver\Procedure.inventory.ManageSQLInstance.sql' to output.
[INFO] Adding 'D:\SecurityManager\branches\PermissionReview\src\sqlserver\Function.getDbRoleAssignmentStatement.sql' to output.
[INFO] Adding 'D:\SecurityManager\branches\PermissionReview\src\sqlserver\View.DatabaseUsers.sql' to output.
[INFO] Adding 'D:\SecurityManager\branches\PermissionReview\src\sqlserver\View.Logins.sql' to output.
[INFO] Adding 'D:\SecurityManager\branches\PermissionReview\src\sqlserver\Procedure.setDatabaseAccess.sql' to output.
[INFO] Adding 'D:\SecurityManager\branches\PermissionReview\src\sqlserver\Procedure.SecurityHelpers.PrepareASPNETServerRegistrationToolInstallation.sql' to output.
[INFO] Adding 'D:\SecurityManager\branches\PermissionReview\src\sqlserver\Procedure.setStandardOnSchemaRolePermissions.sql' to output.
[INFO] Adding 'D:\SecurityManager\branches\PermissionReview\src\sqlserver\Procedure.getDbRolesAssignmentScript.sql' to output.
[INFO] Adding 'D:\SecurityManager\branches\PermissionReview\src\sqlserver\Procedure.security.setStandardRoleMembers.sql' to output.
[INFO] Adding 'D:\SecurityManager\branches\PermissionReview\src\sqlserver\Procedure.security.setStandardPermissions.sql' to output.
[INFO] Adding 'D:\SecurityManager\branches\PermissionReview\src\sqlserver\Procedure.getLogin2DbUserMappingsScript.sql' to output.
[INFO] Adding 'D:\SecurityManager\branches\PermissionReview\src\sqlserver\Procedure.security.setStandardOnDatabaseRolePermissions.sql' to output.
[INFO] Adding 'D:\SecurityManager\branches\PermissionReview\src\sqlserver\Procedure.SecurityHelpers.setSQLAgentUserPermission.sql' to output.
[INFO] Adding 'D:\SecurityManager\branches\PermissionReview\src\sqlserver\Procedure.CloneSecurity.sql' to output.
[INFO] Adding 'D:\SecurityManager\branches\PermissionReview\src\sqlserver\Procedure.getObjectPermissionAssignmentScript.sql' to output.
[INFO] Adding 'D:\SecurityManager\branches\PermissionReview\src\sqlserver\Procedure.getDbSchemasCreationScript.sql' to output.
[INFO] Adding 'D:\SecurityManager\branches\PermissionReview\src\sqlserver\Procedure.getDbRolesCreationScript.sql' to output.
[INFO] Adding 'D:\SecurityManager\branches\PermissionReview\src\sqlserver\Procedure.getLoginsCreationScript.sql' to output.
[INFO] Adding 'D:\SecurityManager\branches\PermissionReview\src\sqlserver\Procedure.getDbUsersCreationScript.sql' to output.
[INFO] Adding 'D:\SecurityManager\branches\PermissionReview\src\sqlserver\Procedure.security.setStandardRoles.sql' to output.
[INFO] Adding 'D:\SecurityManager\branches\PermissionReview\src\sqlserver\Procedure.security.setStandardOnDatabaseRole.sql' to output.
[INFO] Adding 'D:\SecurityManager\branches\PermissionReview\src\sqlserver\Procedure.setStandardOnSchemaRoles.sql' to output.
[INFO] Adding 'D:\SecurityManager\branches\PermissionReview\src\sqlserver\Procedure.setSchemaAccess.sql' to output.
[INFO] Adding 'D:\SecurityManager\branches\PermissionReview\src\sqlserver\Procedure.getSecurityScript.sql' to output.
